Arguments: 
  /home/marty/.nvm/versions/node/v12.18.3/bin/node /home/marty/.nvm/versions/node/v12.18.3/bin/yarn add weback@5.4.0 webpack-cli@4.2.0 webpack-dev-server@3.11.0 faker@5.1.0 html-webpack-plugin@4.5.0

PATH: 
  ~/.local/bin:/home/marty/.pyenv/versions/3.7.2/bin:/home/marty/.ebcli-virtual-env/executables:/home/marty/.vscode-server/bin/ea3859d4ba2f3e577a159bc91e3074c5d85c0523/bin:~/.local/bin:/home/marty/.pyenv/versions/3.7.2/bin:/home/marty/.ebcli-virtual-env/executables:/home/marty/.nvm/versions/node/v12.18.3/bin:/usr/local/sbin:/usr/local/bin:/usr/sbin:/usr/bin:/sbin:/bin:/usr/games:/usr/local/games:/mnt/c/Windows/system32:/mnt/c/Windows:/mnt/c/Windows/System32/Wbem:/mnt/c/Windows/System32/WindowsPowerShell/v1.0/:/mnt/c/Windows/System32/OpenSSH/:/mnt/c/Program Files (x86)/NVIDIA Corporation/PhysX/Common:/mnt/c/ProgramData/chocolatey/bin:/mnt/c/Program Files/dotnet/:/mnt/c/Program Files/Docker/Docker/resources/bin:/mnt/c/ProgramData/DockerDesktop/version-bin:/mnt/c/Users/Marty/AppData/Local/Microsoft/WindowsApps:/mnt/c/Users/Marty/AppData/Local/Programs/Microsoft VS Code/bin:/snap/bin:/home/marty/.yarn/bin:/home/marty/.yarn/bin

Yarn version: 
  1.22.5

Node version: 
  12.18.3

Platform: 
  linux x64

Trace: 
  Error: https://registry.yarnpkg.com/weback: Not found
      at Request.params.callback [as _callback] (/home/marty/.nvm/versions/node/v12.18.3/lib/node_modules/yarn/lib/cli.js:66988:18)
      at Request.self.callback (/home/marty/.nvm/versions/node/v12.18.3/lib/node_modules/yarn/lib/cli.js:140662:22)
      at Request.emit (events.js:315:20)
      at Request.<anonymous> (/home/marty/.nvm/versions/node/v12.18.3/lib/node_modules/yarn/lib/cli.js:141634:10)
      at Request.emit (events.js:315:20)
      at IncomingMessage.<anonymous> (/home/marty/.nvm/versions/node/v12.18.3/lib/node_modules/yarn/lib/cli.js:141556:12)
      at Object.onceWrapper (events.js:421:28)
      at IncomingMessage.emit (events.js:327:22)
      at endReadableNT (_stream_readable.js:1220:12)
      at processTicksAndRejections (internal/process/task_queues.js:84:21)

npm manifest: 
  {
    "name": "products",
    "version": "1.0.0",
    "main": "index.js",
    "license": "MIT"
  }

yarn manifest: 
  No manifest

Lockfile: 
  No lockfile
